#
# There is insufficient memory for the Java Runtime Environment to continue.
# Native memory allocation (mmap) failed to map 201326592 bytes for Failed to commit area from 0x0000000741c00000 to 0x000000074dc00000 of length 201326592.
# Possible reasons:
#   The system is out of physical RAM or swap space
#   The process is running with CompressedOops enabled, and the Java Heap may be blocking the growth of the native heap
# Possible solutions:
#   Reduce memory load on the system
#   Increase physical memory or swap space
#   Check if swap backing store is full
#   Decrease Java heap size (-Xmx/-Xms)
#   Decrease number of Java threads
#   Decrease Java thread stack sizes (-Xss)
#   Set larger code cache with -XX:ReservedCodeCacheSize=
# This output file may be truncated or incomplete.
#
#  Out of Memory Error (t:/workspace/open/src/hotspot/os/windows/os_windows.cpp:3301), pid=4804, tid=4540
#
# JRE version:  (13.0.2+8) (build )
# Java VM: Java HotSpot(TM) 64-Bit Server VM (13.0.2+8, mixed mode, aot, sharing, tiered, compressed oops, g1 gc, windows-amd64)
# No core dump will be written. Minidumps are not enabled by default on client versions of Windows
#

---------------  S U M M A R Y ------------

Command Line: frm.oce.peps.controlador.ControladorPrincipal

Host: Intel(R) Core(TM) i7-7500U CPU @ 2.70GHz, 4 cores, 11G,  Windows 10 , 64 bit Build 19041 (10.0.19041.546)
Time: Thu Nov 19 02:54:44 2020 Hora estándar de Argentina elapsed time: 0 seconds (0d 0h 0m 0s)

---------------  T H R E A D  ---------------

Current thread (0x000001a7301ba800):  JavaThread "Unknown thread" [_thread_in_vm, id=4540, stack(0x0000002e78400000,0x0000002e78500000)]

Stack: [0x0000002e78400000,0x0000002e78500000]
Native frames: (J=compiled Java code, j=interpreted, Vv=VM code, C=native code)
V  [jvm.dll+0x624f9a]
V  [jvm.dll+0x770cfa]
V  [jvm.dll+0x7724af]
V  [jvm.dll+0x772ab3]
V  [jvm.dll+0x24bf08]
V  [jvm.dll+0x6222aa]
V  [jvm.dll+0x6170b5]
V  [jvm.dll+0x30a88c]
V  [jvm.dll+0x30a6c2]
V  [jvm.dll+0x30fe36]
V  [jvm.dll+0x353f46]
V  [jvm.dll+0x353720]
V  [jvm.dll+0x2e550a]
V  [jvm.dll+0x2e67a2]
V  [jvm.dll+0x74dd78]
V  [jvm.dll+0x361989]
V  [jvm.dll+0x730e65]
V  [jvm.dll+0x3cc53f]
V  [jvm.dll+0x3ce861]
C  [jli.dll+0x51ff]
C  [ucrtbase.dll+0x214c2]
C  [KERNEL32.DLL+0x17034]
C  [ntdll.dll+0x4cec1]


---------------  P R O C E S S  ---------------

Threads class SMR info:
_java_thread_list=0x00007ff9ab1dccb8, length=0, elements={
}

Java Threads: ( => current thread )

Other Threads:
  0x000001a730211800 GCTaskThread "GC Thread#0" [stack: 0x0000002e78500000,0x0000002e78600000] [id=2884]
  0x000001a73022b800 ConcurrentGCThread "G1 Main Marker" [stack: 0x0000002e78600000,0x0000002e78700000] [id=10016]
  0x000001a73022d000 ConcurrentGCThread "G1 Conc#0" [stack: 0x0000002e78700000,0x0000002e78800000] [id=11312]

[error occurred during error reporting (printing all threads), id 0xc0000005, EXCEPTION_ACCESS_VIOLATION (0xc0000005) at pc=0x00007ff9aaa151d7]

VM state:not at safepoint (not fully initialized)

VM Mutex/Monitor currently owned by a thread:  ([mutex/lock_event])
[0x000001a7301b78c0] Heap_lock - owner thread: 0x000001a7301ba800

Heap address: 0x0000000741c00000, size: 3044 MB, Compressed Oops mode: Non-zero based: 0x0000000741c00000
Narrow klass base: 0x0000000000000000, Narrow klass shift: 0

GC Heap History (0 events):
No events

Deoptimization events (0 events):
No events

Classes unloaded (0 events):
No events

Classes redefined (0 events):
No events

Internal exceptions (0 events):
No events

Events (8 events):
Event: 0.005 Loaded shared library C:\Program Files\Java\jdk-13.0.2\bin\zip.dll
Event: 0.005 Loaded shared library C:\Program Files\Java\jdk-13.0.2\bin\jimage.dll
Event: 0.007 Loading shared library C:\Program Files\Java\jdk-13.0.2\lib\libjava.base-coop.dll failed, error code 126
Event: 0.007 Loading shared library C:\Program Files\Java\jdk-13.0.2\lib\libjava.logging-coop.dll failed, error code 126
Event: 0.007 Loading shared library C:\Program Files\Java\jdk-13.0.2\lib\libjdk.compiler-coop.dll failed, error code 126
Event: 0.007 Loading shared library C:\Program Files\Java\jdk-13.0.2\lib\libjdk.scripting.nashorn-coop.dll failed, error code 126
Event: 0.007 Loading shared library C:\Program Files\Java\jdk-13.0.2\lib\libjdk.internal.vm.ci-coop.dll failed, error code 126
Event: 0.007 Loading shared library C:\Program Files\Java\jdk-13.0.2\lib\libjdk.internal.vm.compiler-coop.dll failed, error code 126


Dynamic libraries:
0x00007ff719da0000 - 0x00007ff719daf000 	C:\Program Files\Java\jdk-13.0.2\bin\java.exe
0x00007ff9eef70000 - 0x00007ff9ef166000 	C:\WINDOWS\SYSTEM32\ntdll.dll
0x00007ff9ed300000 - 0x00007ff9ed3bd000 	C:\WINDOWS\System32\KERNEL32.DLL
0x00007ff9ecb80000 - 0x00007ff9ece48000 	C:\WINDOWS\System32\KERNELBASE.dll
0x00007ff9eced0000 - 0x00007ff9ecfd0000 	C:\WINDOWS\System32\ucrtbase.dll
0x00007ff9e3b80000 - 0x00007ff9e3b98000 	C:\Program Files\Java\jdk-13.0.2\bin\jli.dll
0x00007ff9e5e70000 - 0x00007ff9e5e85000 	C:\Program Files\Java\jdk-13.0.2\bin\VCRUNTIME140.dll
0x00007ff9ee730000 - 0x00007ff9ee7dc000 	C:\WINDOWS\System32\ADVAPI32.dll
0x00007ff9ee690000 - 0x00007ff9ee72e000 	C:\WINDOWS\System32\msvcrt.dll
0x00007ff9ee190000 - 0x00007ff9ee22b000 	C:\WINDOWS\System32\sechost.dll
0x00007ff9ed810000 - 0x00007ff9ed934000 	C:\WINDOWS\System32\RPCRT4.dll
0x00007ff9eda10000 - 0x00007ff9edbb0000 	C:\WINDOWS\System32\USER32.dll
0x00007ff9ec6b0000 - 0x00007ff9ec6d2000 	C:\WINDOWS\System32\win32u.dll
0x00007ff9d2900000 - 0x00007ff9d2b9b000 	C:\WINDOWS\WinSxS\amd64_microsoft.windows.common-controls_6595b64144ccf1df_6.0.19041.488_none_ca04af081b815d21\COMCTL32.dll
0x00007ff9ee250000 - 0x00007ff9ee27a000 	C:\WINDOWS\System32\GDI32.dll
0x00007ff9ec910000 - 0x00007ff9eca19000 	C:\WINDOWS\System32\gdi32full.dll
0x00007ff9ec810000 - 0x00007ff9ec8ad000 	C:\WINDOWS\System32\msvcp_win.dll
0x00007ff9e53b0000 - 0x00007ff9e53ba000 	C:\WINDOWS\SYSTEM32\VERSION.dll
0x00007ff9ee5e0000 - 0x00007ff9ee610000 	C:\WINDOWS\System32\IMM32.DLL
0x00007ff9e5930000 - 0x00007ff9e59cb000 	C:\Program Files\Java\jdk-13.0.2\bin\msvcp140.dll
0x00007ff9aa720000 - 0x00007ff9ab27d000 	C:\Program Files\Java\jdk-13.0.2\bin\server\jvm.dll
0x00007ff9ee610000 - 0x00007ff9ee618000 	C:\WINDOWS\System32\PSAPI.DLL
0x00007ff9d4420000 - 0x00007ff9d4447000 	C:\WINDOWS\SYSTEM32\WINMM.dll
0x00007ff9e60a0000 - 0x00007ff9e60a9000 	C:\WINDOWS\SYSTEM32\WSOCK32.dll
0x00007ff9ee620000 - 0x00007ff9ee68b000 	C:\WINDOWS\System32\WS2_32.dll
0x00007ff9eaf50000 - 0x00007ff9eaf62000 	C:\WINDOWS\SYSTEM32\kernel.appcore.dll
0x00007ff9e5c60000 - 0x00007ff9e5c70000 	C:\Program Files\Java\jdk-13.0.2\bin\verify.dll
0x00007ff9eac80000 - 0x00007ff9eae64000 	C:\WINDOWS\SYSTEM32\DBGHELP.DLL
0x00007ff9d14f0000 - 0x00007ff9d151c000 	C:\WINDOWS\SYSTEM32\dbgcore.DLL
0x00007ff9ece50000 - 0x00007ff9ececf000 	C:\WINDOWS\System32\bcryptPrimitives.dll
0x00007ff9e5e40000 - 0x00007ff9e5e66000 	C:\Program Files\Java\jdk-13.0.2\bin\java.dll
0x00007ff9e5c40000 - 0x00007ff9e5c57000 	C:\Program Files\Java\jdk-13.0.2\bin\zip.dll
0x00007ff9e5c30000 - 0x00007ff9e5c3a000 	C:\Program Files\Java\jdk-13.0.2\bin\jimage.dll

dbghelp: loaded successfully - version: 4.0.5 - missing functions: none
symbol engine: initialized successfully - sym options: 0x614 - pdb path: .;C:\Program Files\Java\jdk-13.0.2\bin;C:\WINDOWS\SYSTEM32;C:\WINDOWS\WinSxS\amd64_microsoft.windows.common-controls_6595b64144ccf1df_6.0.19041.488_none_ca04af081b815d21;C:\Program Files\Java\jdk-13.0.2\bin\server

VM Arguments:
java_command: frm.oce.peps.controlador.ControladorPrincipal
java_class_path (initial): D:\Documentos\FRM UTN MENDOZA\Organización Contable de la Empresa\PEPS2\frm.oce_PEPS_jar_1.0-SNAPSHOT\target\classes
Launcher Type: SUN_STANDARD

[Global flags]
     intx CICompilerCount                          = 3                                         {product} {ergonomic}
     uint ConcGCThreads                            = 1                                         {product} {ergonomic}
     uint G1ConcRefinementThreads                  = 4                                         {product} {ergonomic}
   size_t G1HeapRegionSize                         = 1048576                                   {product} {ergonomic}
    uintx GCDrainStackTargetSize                   = 64                                        {product} {ergonomic}
   size_t InitialHeapSize                          = 201326592                                 {product} {ergonomic}
   size_t MarkStackSize                            = 4194304                                   {product} {ergonomic}
   size_t MaxHeapSize                              = 3191865344                                {product} {ergonomic}
   size_t MinHeapDeltaBytes                        = 1048576                                   {product} {ergonomic}
   size_t MinHeapSize                              = 8388608                                   {product} {ergonomic}
    uintx NonNMethodCodeHeapSize                   = 5832780                                {pd product} {ergonomic}
    uintx NonProfiledCodeHeapSize                  = 122912730                              {pd product} {ergonomic}
    uintx ProfiledCodeHeapSize                     = 122912730                              {pd product} {ergonomic}
    uintx ReservedCodeCacheSize                    = 251658240                              {pd product} {ergonomic}
     bool SegmentedCodeCache                       = true                                      {product} {ergonomic}
   size_t SoftMaxHeapSize                          = 3191865344                             {manageable} {ergonomic}
     bool UseCompressedClassPointers               = true                                 {lp64_product} {ergonomic}
     bool UseCompressedOops                        = true                                 {lp64_product} {ergonomic}
     bool UseG1GC                                  = true                                      {product} {ergonomic}
     bool UseLargePagesIndividualAllocation        = false                                  {pd product} {ergonomic}

Logging:
Log output configuration:
 #0: stdout all=warning uptime,level,tags
 #1: stderr all=off uptime,level,tags

Environment Variables:
JAVA_HOME=C:\Program Files\Java\jdk-13.0.2
PATH=C:\Program Files (x86)\Common Files\Oracle\Java\javapath;C:\VulkanSDK\1.2.154.1\Bin;C:\Python39\Scripts\;C:\Python39\;C:\Python38\Scripts\;C:\Python38\;C:\Program Files\Microsoft MPI\Bin\;C:\WINDOWS\system32;C:\WINDOWS;C:\WINDOWS\System32\Wbem;C:\WINDOWS\System32\WindowsPowerShell\v1.0\;C:\WINDOWS\System32\OpenSSH\;C:\Program Files\dotnet\;C:\Program Files\Microsoft SQL Server\130\Tools\Binn\;C:\Program Files\PuTTY\;C:\Users\ariel\AppData\Local\Programs\Python\Python38-32\Scripts\;C:\Program Files\PowerShell\7-preview\preview;C:\ProgramData\chocolatey\bin;C:\Program Files (x86)\gradle\gradle-6.5.1\bin;C:\Program Files\Git\cmd;C:\Program Files\MySQL\MySQL Server 8.0\bin;C:\Program Files\Java\jdk-13.0.2\bin;C:\Program Files\nodejs\;D:\laragon\bin\mysql\MySQL Server 8.0\bin;D:\laragon\bin\php\php-7.2.19-Win32-VC15-x64;D:\laragon\bin\composer;D:\laragon\bin\mysql\MySQL Server 8.0\bin;C:\Users\ariel\AppData\Local\Microsoft\WindowsApps;C:\Users\ariel\AppData\Local\Microsoft\WindowsApps;C:\Users\ariel\AppData\Local\atom\bin;C:\Users\ariel\AppData\Local\Programs\Microsoft VS Code\bin;C:\Users\ariel\AppData\Roaming\npm;
USERNAME=ariel
OS=Windows_NT
PROCESSOR_IDENTIFIER=Intel64 Family 6 Model 142 Stepping 9, GenuineIntel



---------------  S Y S T E M  ---------------

OS: Windows 10 , 64 bit Build 19041 (10.0.19041.546)
HyperV virtualization detected

CPU:total 4 (initial active 4) (2 cores per cpu, 2 threads per core) family 6 model 142 stepping 9, cmov, cx8, fxsr, mmx, sse, sse2, sse3, ssse3, sse4.1, sse4.2, popcnt, avx, avx2, aes, clmul, erms, 3dnowpref, lzcnt, ht, tsc, tscinvbit, bmi1, bmi2, adx, fma

Memory: 4k page, system-wide physical 12170M (2563M free)
TotalPageFile size 12170M (AvailPageFile size 168M)
current process WorkingSet (physical memory assigned to process): 10M, peak: 10M
current process commit charge ("private bytes"): 52M, peak: 244M

vm_info: Java HotSpot(TM) 64-Bit Server VM (13.0.2+8) for windows-amd64 JRE (13.0.2+8), built on Dec 11 2019 09:20:33 by "mach5one" with unknown MS VC++:1916

END.
