#
# There is insufficient memory for the Java Runtime Environment to continue.
# Native memory allocation (malloc) failed to allocate 1503696 bytes for Chunk::new
# Possible reasons:
#   The system is out of physical RAM or swap space
#   The process is running with CompressedOops enabled, and the Java Heap may be blocking the growth of the native heap
# Possible solutions:
#   Reduce memory load on the system
#   Increase physical memory or swap space
#   Check if swap backing store is full
#   Decrease Java heap size (-Xmx/-Xms)
#   Decrease number of Java threads
#   Decrease Java thread stack sizes (-Xss)
#   Set larger code cache with -XX:ReservedCodeCacheSize=
#   JVM is running with Zero Based Compressed Oops mode in which the Java heap is
#     placed in the first 32GB address space. The Java Heap base address is the
#     maximum limit for the native heap growth. Please use -XX:HeapBaseMinAddress
#     to set the Java Heap base and to place the Java Heap above 32GB virtual address.
# This output file may be truncated or incomplete.
#
#  Out of Memory Error (t:/workspace/open/src/hotspot/share/memory/arena.cpp:196), pid=12028, tid=6480
#
# JRE version: Java(TM) SE Runtime Environment (13.0.2+8) (build 13.0.2+8)
# Java VM: Java HotSpot(TM) 64-Bit Server VM (13.0.2+8, mixed mode, sharing, tiered, compressed oops, g1 gc, windows-amd64)
# No core dump will be written. Minidumps are not enabled by default on client versions of Windows
#

---------------  S U M M A R Y ------------

Command Line: -Dclassworlds.conf=D:\NetBeans-12.0\netbeans\java\maven\bin\..\bin\m2.conf -Dmaven.home=D:\NetBeans-12.0\netbeans\java\maven\bin\.. -Dlibrary.jansi.path=D:\NetBeans-12.0\netbeans\java\maven\bin\..\lib\jansi-native -Dmaven.multiModuleProjectDirectory=D:\Documentos\FRM UTN MENDOZA\Organización Contable de la Empresa\PEPS2\frm.oce_PEPS_jar_1.0-SNAPSHOT org.codehaus.plexus.classworlds.launcher.Launcher -Dexec.args=-classpath %classpath frm.oce.peps.controlador.ControladorPrincipal -Dexec.executable=C:\Program Files\Java\jdk-13.0.2\bin\java.exe -Dmaven.ext.class.path=D:\NetBeans-12.0\netbeans\java\maven-nblib\netbeans-eventspy.jar -Dfile.encoding=UTF-8 org.codehaus.mojo:exec-maven-plugin:1.5.0:exec

Host: Intel(R) Core(TM) i7-7500U CPU @ 2.70GHz, 4 cores, 11G,  Windows 10 , 64 bit Build 19041 (10.0.19041.546)
Time: Thu Nov 19 04:20:24 2020 Hora estándar de Argentina elapsed time: 3 seconds (0d 0h 0m 3s)

---------------  T H R E A D  ---------------

Current thread (0x000001d64c70e800):  JavaThread "C2 CompilerThread0" daemon [_thread_in_native, id=6480, stack(0x0000006f35000000,0x0000006f35100000)]


Current CompileTask:
C2:   3104 2896   !   4       java.net.URL::<init> (543 bytes)

Stack: [0x0000006f35000000,0x0000006f35100000]
Native frames: (J=compiled Java code, j=interpreted, Vv=VM code, C=native code)
V  [jvm.dll+0x624f9a]
V  [jvm.dll+0x770cfa]
V  [jvm.dll+0x7724af]
V  [jvm.dll+0x772ab3]
V  [jvm.dll+0x24bf08]
V  [jvm.dll+0xc1e47]
V  [jvm.dll+0xc23cc]
V  [jvm.dll+0x35c068]
V  [jvm.dll+0x327803]
V  [jvm.dll+0x326bda]
V  [jvm.dll+0x205c27]
V  [jvm.dll+0x204e3f]
V  [jvm.dll+0x189c2c]
V  [jvm.dll+0x213e6d]
V  [jvm.dll+0x2120bb]
V  [jvm.dll+0x736bb6]
V  [jvm.dll+0x72fcaa]
V  [jvm.dll+0x623ea6]
C  [ucrtbase.dll+0x214c2]
C  [KERNEL32.DLL+0x17034]
C  [ntdll.dll+0x4cec1]


---------------  P R O C E S S  ---------------

Threads class SMR info:
_java_thread_list=0x000001d64d970cd0, length=14, elements={
0x000001d628ffe800, 0x000001d64bdc8800, 0x000001d64bdd3800, 0x000001d64c709800,
0x000001d64c70d800, 0x000001d64c70e800, 0x000001d64c710000, 0x000001d64c78f000,
0x000001d64c89e800, 0x000001d64c8ac800, 0x000001d64d7b0800, 0x000001d64d94f000,
0x000001d64dbb3000, 0x000001d64db64000
}

Java Threads: ( => current thread )
  0x000001d628ffe800 JavaThread "main" [_thread_in_native, id=2692, stack(0x0000006f34500000,0x0000006f34600000)]
  0x000001d64bdc8800 JavaThread "Reference Handler" daemon [_thread_blocked, id=3292, stack(0x0000006f34c00000,0x0000006f34d00000)]
  0x000001d64bdd3800 JavaThread "Finalizer" daemon [_thread_blocked, id=8828, stack(0x0000006f34d00000,0x0000006f34e00000)]
  0x000001d64c709800 JavaThread "Signal Dispatcher" daemon [_thread_blocked, id=12704, stack(0x0000006f34e00000,0x0000006f34f00000)]
  0x000001d64c70d800 JavaThread "Attach Listener" daemon [_thread_blocked, id=8156, stack(0x0000006f34f00000,0x0000006f35000000)]
=>0x000001d64c70e800 JavaThread "C2 CompilerThread0" daemon [_thread_in_native, id=6480, stack(0x0000006f35000000,0x0000006f35100000)]
  0x000001d64c710000 JavaThread "C1 CompilerThread0" daemon [_thread_blocked, id=3608, stack(0x0000006f35100000,0x0000006f35200000)]
  0x000001d64c78f000 JavaThread "Sweeper thread" daemon [_thread_blocked, id=8492, stack(0x0000006f35200000,0x0000006f35300000)]
  0x000001d64c89e800 JavaThread "Service Thread" daemon [_thread_blocked, id=7016, stack(0x0000006f35300000,0x0000006f35400000)]
  0x000001d64c8ac800 JavaThread "Common-Cleaner" daemon [_thread_blocked, id=6240, stack(0x0000006f35500000,0x0000006f35600000)]
  0x000001d64d7b0800 JavaThread "C2 CompilerThread1" daemon [_thread_blocked, id=5300, stack(0x0000006f35900000,0x0000006f35a00000)]
  0x000001d64d94f000 JavaThread "Exec Stream Pumper" daemon [_thread_in_native, id=12436, stack(0x0000006f35a00000,0x0000006f35b00000)]
  0x000001d64dbb3000 JavaThread "Exec Stream Pumper" daemon [_thread_in_native, id=12060, stack(0x0000006f35b00000,0x0000006f35c00000)]
  0x000001d64db64000 JavaThread "Exec Input Stream Pumper" daemon [_thread_blocked, id=13076, stack(0x0000006f35c00000,0x0000006f35d00000)]

Other Threads:
  0x000001d64bdc3000 VMThread "VM Thread" [stack: 0x0000006f34b00000,0x0000006f34c00000] [id=2328]
  0x000001d64c8a7800 WatcherThread [stack: 0x0000006f35400000,0x0000006f35500000] [id=11252]
  0x000001d62b1c5800 GCTaskThread "GC Thread#0" [stack: 0x0000006f34600000,0x0000006f34700000] [id=11708]
  0x000001d64cdf9000 GCTaskThread "GC Thread#1" [stack: 0x0000006f35600000,0x0000006f35700000] [id=7848]
  0x000001d64cec8000 GCTaskThread "GC Thread#2" [stack: 0x0000006f35700000,0x0000006f35800000] [id=1216]
  0x000001d64cec9000 GCTaskThread "GC Thread#3" [stack: 0x0000006f35800000,0x0000006f35900000] [id=3296]
  0x000001d62b1e0000 ConcurrentGCThread "G1 Main Marker" [stack: 0x0000006f34700000,0x0000006f34800000] [id=11352]
  0x000001d62b1e3000 ConcurrentGCThread "G1 Conc#0" [stack: 0x0000006f34800000,0x0000006f34900000] [id=12568]
  0x000001d64bc40800 ConcurrentGCThread "G1 Refine#0" [stack: 0x0000006f34900000,0x0000006f34a00000] [id=6284]
  0x000001d64bc41800 ConcurrentGCThread "G1 Young RemSet Sampling" [stack: 0x0000006f34a00000,0x0000006f34b00000] [id=9532]

Threads with active compile tasks:
C2 CompilerThread0     3135 2896   !   4       java.net.URL::<init> (543 bytes)

VM state:not at safepoint (normal execution)

VM Mutex/Monitor currently owned by a thread: None

Heap address: 0x0000000741c00000, size: 3044 MB, Compressed Oops mode: Zero based, Oop shift amount: 3
Narrow klass base: 0x0000000800000000, Narrow klass shift: 3
Compressed class space size: 1073741824 Address: 0x0000000800b40000

Heap:
 garbage-first heap   total 196608K, used 91211K [0x0000000741c00000, 0x0000000800000000)
  region size 1024K, 89 young (91136K), 2 survivors (2048K)
 Metaspace       used 14036K, capacity 15638K, committed 15744K, reserved 1062912K
  class space    used 1613K, capacity 1839K, committed 1920K, reserved 1048576K
Heap Regions: E=young(eden), S=young(survivor), O=old, HS=humongous(starts), HC=humongous(continues), CS=collection set, F=free, A=archive, TAMS=top-at-mark-start (previous, next)
|   0|0x0000000741c00000, 0x0000000741d00000, 0x0000000741d00000|100%| O|  |TAMS 0x0000000741c00000, 0x0000000741c00000| Untracked 
|   1|0x0000000741d00000, 0x0000000741d12e00, 0x0000000741e00000|  7%| O|  |TAMS 0x0000000741d00000, 0x0000000741d00000| Untracked 
|   2|0x0000000741e00000, 0x0000000741e00000, 0x0000000741f00000|  0%| F|  |TAMS 0x0000000741e00000, 0x0000000741e00000| Untracked 
|   3|0x0000000741f00000, 0x0000000741f00000, 0x0000000742000000|  0%| F|  |TAMS 0x0000000741f00000, 0x0000000741f00000| Untracked 
|   4|0x0000000742000000, 0x0000000742000000, 0x0000000742100000|  0%| F|  |TAMS 0x0000000742000000, 0x0000000742000000| Untracked 
|   5|0x0000000742100000, 0x0000000742100000, 0x0000000742200000|  0%| F|  |TAMS 0x0000000742100000, 0x0000000742100000| Untracked 
|   6|0x0000000742200000, 0x0000000742200000, 0x0000000742300000|  0%| F|  |TAMS 0x0000000742200000, 0x0000000742200000| Untracked 
|   7|0x0000000742300000, 0x0000000742300000, 0x0000000742400000|  0%| F|  |TAMS 0x0000000742300000, 0x0000000742300000| Untracked 
|   8|0x0000000742400000, 0x0000000742400000, 0x0000000742500000|  0%| F|  |TAMS 0x0000000742400000, 0x0000000742400000| Untracked 
|   9|0x0000000742500000, 0x0000000742500000, 0x0000000742600000|  0%| F|  |TAMS 0x0000000742500000, 0x0000000742500000| Untracked 
|  10|0x0000000742600000, 0x0000000742600000, 0x0000000742700000|  0%| F|  |TAMS 0x0000000742600000, 0x0000000742600000| Untracked 
|  11|0x0000000742700000, 0x0000000742700000, 0x0000000742800000|  0%| F|  |TAMS 0x0000000742700000, 0x0000000742700000| Untracked 
|  12|0x0000000742800000, 0x0000000742800000, 0x0000000742900000|  0%| F|  |TAMS 0x0000000742800000, 0x0000000742800000| Untracked 
|  13|0x0000000742900000, 0x0000000742900000, 0x0000000742a00000|  0%| F|  |TAMS 0x0000000742900000, 0x0000000742900000| Untracked 
|  14|0x0000000742a00000, 0x0000000742a00000, 0x0000000742b00000|  0%| F|  |TAMS 0x0000000742a00000, 0x0000000742a00000| Untracked 
|  15|0x0000000742b00000, 0x0000000742b00000, 0x0000000742c00000|  0%| F|  |TAMS 0x0000000742b00000, 0x0000000742b00000| Untracked 
|  16|0x0000000742c00000, 0x0000000742c00000, 0x0000000742d00000|  0%| F|  |TAMS 0x0000000742c00000, 0x0000000742c00000| Untracked 
|  17|0x0000000742d00000, 0x0000000742d00000, 0x0000000742e00000|  0%| F|  |TAMS 0x0000000742d00000, 0x0000000742d00000| Untracked 
|  18|0x0000000742e00000, 0x0000000742e00000, 0x0000000742f00000|  0%| F|  |TAMS 0x0000000742e00000, 0x0000000742e00000| Untracked 
|  19|0x0000000742f00000, 0x0000000742f00000, 0x0000000743000000|  0%| F|  |TAMS 0x0000000742f00000, 0x0000000742f00000| Untracked 
|  20|0x0000000743000000, 0x0000000743000000, 0x0000000743100000|  0%| F|  |TAMS 0x0000000743000000, 0x0000000743000000| Untracked 
|  21|0x0000000743100000, 0x0000000743100000, 0x0000000743200000|  0%| F|  |TAMS 0x0000000743100000, 0x0000000743100000| Untracked 
|  22|0x0000000743200000, 0x0000000743200000, 0x0000000743300000|  0%| F|  |TAMS 0x0000000743200000, 0x0000000743200000| Untracked 
|  23|0x0000000743300000, 0x0000000743300000, 0x0000000743400000|  0%| F|  |TAMS 0x0000000743300000, 0x0000000743300000| Untracked 
|  24|0x0000000743400000, 0x0000000743400000, 0x0000000743500000|  0%| F|  |TAMS 0x0000000743400000, 0x0000000743400000| Untracked 
|  25|0x0000000743500000, 0x0000000743500000, 0x0000000743600000|  0%| F|  |TAMS 0x0000000743500000, 0x0000000743500000| Untracked 
|  26|0x0000000743600000, 0x0000000743600000, 0x0000000743700000|  0%| F|  |TAMS 0x0000000743600000, 0x0000000743600000| Untracked 
|  27|0x0000000743700000, 0x0000000743700000, 0x0000000743800000|  0%| F|  |TAMS 0x0000000743700000, 0x0000000743700000| Untracked 
|  28|0x0000000743800000, 0x0000000743800000, 0x0000000743900000|  0%| F|  |TAMS 0x0000000743800000, 0x0000000743800000| Untracked 
|  29|0x0000000743900000, 0x0000000743900000, 0x0000000743a00000|  0%| F|  |TAMS 0x0000000743900000, 0x0000000743900000| Untracked 
|  30|0x0000000743a00000, 0x0000000743a00000, 0x0000000743b00000|  0%| F|  |TAMS 0x0000000743a00000, 0x0000000743a00000| Untracked 
|  31|0x0000000743b00000, 0x0000000743b00000, 0x0000000743c00000|  0%| F|  |TAMS 0x0000000743b00000, 0x0000000743b00000| Untracked 
|  32|0x0000000743c00000, 0x0000000743c00000, 0x0000000743d00000|  0%| F|  |TAMS 0x0000000743c00000, 0x0000000743c00000| Untracked 
|  33|0x0000000743d00000, 0x0000000743d00000, 0x0000000743e00000|  0%| F|  |TAMS 0x0000000743d00000, 0x0000000743d00000| Untracked 
|  34|0x0000000743e00000, 0x0000000743e00000, 0x0000000743f00000|  0%| F|  |TAMS 0x0000000743e00000, 0x0000000743e00000| Untracked 
|  35|0x0000000743f00000, 0x0000000743f00000, 0x0000000744000000|  0%| F|  |TAMS 0x0000000743f00000, 0x0000000743f00000| Untracked 
|  36|0x0000000744000000, 0x0000000744000000, 0x0000000744100000|  0%| F|  |TAMS 0x0000000744000000, 0x0000000744000000| Untracked 
|  37|0x0000000744100000, 0x0000000744100000, 0x0000000744200000|  0%| F|  |TAMS 0x0000000744100000, 0x0000000744100000| Untracked 
|  38|0x0000000744200000, 0x0000000744200000, 0x0000000744300000|  0%| F|  |TAMS 0x0000000744200000, 0x0000000744200000| Untracked 
|  39|0x0000000744300000, 0x0000000744300000, 0x0000000744400000|  0%| F|  |TAMS 0x0000000744300000, 0x0000000744300000| Untracked 
|  40|0x0000000744400000, 0x0000000744400000, 0x0000000744500000|  0%| F|  |TAMS 0x0000000744400000, 0x0000000744400000| Untracked 
|  41|0x0000000744500000, 0x0000000744500000, 0x0000000744600000|  0%| F|  |TAMS 0x0000000744500000, 0x0000000744500000| Untracked 
|  42|0x0000000744600000, 0x0000000744600000, 0x0000000744700000|  0%| F|  |TAMS 0x0000000744600000, 0x0000000744600000| Untracked 
|  43|0x0000000744700000, 0x0000000744700000, 0x0000000744800000|  0%| F|  |TAMS 0x0000000744700000, 0x0000000744700000| Untracked 
|  44|0x0000000744800000, 0x0000000744800000, 0x0000000744900000|  0%| F|  |TAMS 0x0000000744800000, 0x0000000744800000| Untracked 
|  45|0x0000000744900000, 0x0000000744900000, 0x0000000744a00000|  0%| F|  |TAMS 0x0000000744900000, 0x0000000744900000| Untracked 
|  46|0x0000000744a00000, 0x0000000744a00000, 0x0000000744b00000|  0%| F|  |TAMS 0x0000000744a00000, 0x0000000744a00000| Untracked 
|  47|0x0000000744b00000, 0x0000000744b00000, 0x0000000744c00000|  0%| F|  |TAMS 0x0000000744b00000, 0x0000000744b00000| Untracked 
|  48|0x0000000744c00000, 0x0000000744c00000, 0x0000000744d00000|  0%| F|  |TAMS 0x0000000744c00000, 0x0000000744c00000| Untracked 
|  49|0x0000000744d00000, 0x0000000744d00000, 0x0000000744e00000|  0%| F|  |TAMS 0x0000000744d00000, 0x0000000744d00000| Untracked 
|  50|0x0000000744e00000, 0x0000000744e00000, 0x0000000744f00000|  0%| F|  |TAMS 0x0000000744e00000, 0x0000000744e00000| Untracked 
|  51|0x0000000744f00000, 0x0000000744f00000, 0x0000000745000000|  0%| F|  |TAMS 0x0000000744f00000, 0x0000000744f00000| Untracked 
|  52|0x0000000745000000, 0x0000000745000000, 0x0000000745100000|  0%| F|  |TAMS 0x0000000745000000, 0x0000000745000000| Untracked 
|  53|0x0000000745100000, 0x0000000745100000, 0x0000000745200000|  0%| F|  |TAMS 0x0000000745100000, 0x0000000745100000| Untracked 
|  54|0x0000000745200000, 0x0000000745200000, 0x0000000745300000|  0%| F|  |TAMS 0x0000000745200000, 0x0000000745200000| Untracked 
|  55|0x0000000745300000, 0x0000000745300000, 0x0000000745400000|  0%| F|  |TAMS 0x0000000745300000, 0x0000000745300000| Untracked 
|  56|0x0000000745400000, 0x0000000745400000, 0x0000000745500000|  0%| F|  |TAMS 0x0000000745400000, 0x0000000745400000| Untracked 
|  57|0x0000000745500000, 0x0000000745500000, 0x0000000745600000|  0%| F|  |TAMS 0x0000000745500000, 0x0000000745500000| Untracked 
|  58|0x0000000745600000, 0x0000000745600000, 0x0000000745700000|  0%| F|  |TAMS 0x0000000745600000, 0x0000000745600000| Untracked 
|  59|0x0000000745700000, 0x0000000745700000, 0x0000000745800000|  0%| F|  |TAMS 0x0000000745700000, 0x0000000745700000| Untracked 
|  60|0x0000000745800000, 0x0000000745800000, 0x0000000745900000|  0%| F|  |TAMS 0x0000000745800000, 0x0000000745800000| Untracked 
|  61|0x0000000745900000, 0x0000000745900000, 0x0000000745a00000|  0%| F|  |TAMS 0x0000000745900000, 0x0000000745900000| Untracked 
|  62|0x0000000745a00000, 0x0000000745a00000, 0x0000000745b00000|  0%| F|  |TAMS 0x0000000745a00000, 0x0000000745a00000| Untracked 
|  63|0x0000000745b00000, 0x0000000745b00000, 0x0000000745c00000|  0%| F|  |TAMS 0x0000000745b00000, 0x0000000745b00000| Untracked 
|  64|0x0000000745c00000, 0x0000000745c00000, 0x0000000745d00000|  0%| F|  |TAMS 0x0000000745c00000, 0x0000000745c00000| Untracked 
|  65|0x0000000745d00000, 0x0000000745d00000, 0x0000000745e00000|  0%| F|  |TAMS 0x0000000745d00000, 0x0000000745d00000| Untracked 
|  66|0x0000000745e00000, 0x0000000745e00000, 0x0000000745f00000|  0%| F|  |TAMS 0x0000000745e00000, 0x0000000745e00000| Untracked 
|  67|0x0000000745f00000, 0x0000000745f00000, 0x0000000746000000|  0%| F|  |TAMS 0x0000000745f00000, 0x0000000745f00000| Untracked 
|  68|0x0000000746000000, 0x0000000746000000, 0x0000000746100000|  0%| F|  |TAMS 0x0000000746000000, 0x0000000746000000| Untracked 
|  69|0x0000000746100000, 0x0000000746100000, 0x0000000746200000|  0%| F|  |TAMS 0x0000000746100000, 0x0000000746100000| Untracked 
|  70|0x0000000746200000, 0x0000000746200000, 0x0000000746300000|  0%| F|  |TAMS 0x0000000746200000, 0x0000000746200000| Untracked 
|  71|0x0000000746300000, 0x0000000746300000, 0x0000000746400000|  0%| F|  |TAMS 0x0000000746300000, 0x0000000746300000| Untracked 
|  72|0x0000000746400000, 0x0000000746400000, 0x0000000746500000|  0%| F|  |TAMS 0x0000000746400000, 0x0000000746400000| Untracked 
|  73|0x0000000746500000, 0x0000000746500000, 0x0000000746600000|  0%| F|  |TAMS 0x0000000746500000, 0x0000000746500000| Untracked 
|  74|0x0000000746600000, 0x0000000746600000, 0x0000000746700000|  0%| F|  |TAMS 0x0000000746600000, 0x0000000746600000| Untracked 
|  75|0x0000000746700000, 0x0000000746700000, 0x0000000746800000|  0%| F|  |TAMS 0x0000000746700000, 0x0000000746700000| Untracked 
|  76|0x0000000746800000, 0x0000000746800000, 0x0000000746900000|  0%| F|  |TAMS 0x0000000746800000, 0x0000000746800000| Untracked 
|  77|0x0000000746900000, 0x0000000746900000, 0x0000000746a00000|  0%| F|  |TAMS 0x0000000746900000, 0x0000000746900000| Untracked 
|  78|0x0000000746a00000, 0x0000000746a00000, 0x0000000746b00000|  0%| F|  |TAMS 0x0000000746a00000, 0x0000000746a00000| Untracked 
|  79|0x0000000746b00000, 0x0000000746b00000, 0x0000000746c00000|  0%| F|  |TAMS 0x0000000746b00000, 0x0000000746b00000| Untracked 
|  80|0x0000000746c00000, 0x0000000746c00000, 0x0000000746d00000|  0%| F|  |TAMS 0x0000000746c00000, 0x0000000746c00000| Untracked 
|  81|0x0000000746d00000, 0x0000000746d00000, 0x0000000746e00000|  0%| F|  |TAMS 0x0000000746d00000, 0x0000000746d00000| Untracked 
|  82|0x0000000746e00000, 0x0000000746e00000, 0x0000000746f00000|  0%| F|  |TAMS 0x0000000746e00000, 0x0000000746e00000| Untracked 
|  83|0x0000000746f00000, 0x0000000746f00000, 0x0000000747000000|  0%| F|  |TAMS 0x0000000746f00000, 0x0000000746f00000| Untracked 
|  84|0x0000000747000000, 0x0000000747000000, 0x0000000747100000|  0%| F|  |TAMS 0x0000000747000000, 0x0000000747000000| Untracked 
|  85|0x0000000747100000, 0x0000000747100000, 0x0000000747200000|  0%| F|  |TAMS 0x0000000747100000, 0x0000000747100000| Untracked 
|  86|0x0000000747200000, 0x0000000747200000, 0x0000000747300000|  0%| F|  |TAMS 0x0000000747200000, 0x0000000747200000| Untracked 
|  87|0x0000000747300000, 0x0000000747300000, 0x0000000747400000|  0%| F|  |TAMS 0x0000000747300000, 0x0000000747300000| Untracked 
|  88|0x0000000747400000, 0x0000000747400000, 0x0000000747500000|  0%| F|  |TAMS 0x0000000747400000, 0x0000000747400000| Untracked 
|  89|0x0000000747500000, 0x0000000747500000, 0x0000000747600000|  0%| F|  |TAMS 0x0000000747500000, 0x0000000747500000| Untracked 
|  90|0x0000000747600000, 0x0000000747600000, 0x0000000747700000|  0%| F|  |TAMS 0x0000000747600000, 0x0000000747600000| Untracked 
|  91|0x0000000747700000, 0x0000000747700000, 0x0000000747800000|  0%| F|  |TAMS 0x0000000747700000, 0x0000000747700000| Untracked 
|  92|0x0000000747800000, 0x0000000747800000, 0x0000000747900000|  0%| F|  |TAMS 0x0000000747800000, 0x0000000747800000| Untracked 
|  93|0x0000000747900000, 0x0000000747900000, 0x0000000747a00000|  0%| F|  |TAMS 0x0000000747900000, 0x0000000747900000| Untracked 
|  94|0x0000000747a00000, 0x0000000747a00000, 0x0000000747b00000|  0%| F|  |TAMS 0x0000000747a00000, 0x0000000747a00000| Untracked 
|  95|0x0000000747b00000, 0x0000000747b00000, 0x0000000747c00000|  0%| F|  |TAMS 0x0000000747b00000, 0x0000000747b00000| Untracked 
|  96|0x0000000747c00000, 0x0000000747c00000, 0x0000000747d00000|  0%| F|  |TAMS 0x0000000747c00000, 0x0000000747c00000| Untracked 
|  97|0x0000000747d00000, 0x0000000747d00000, 0x0000000747e00000|  0%| F|  |TAMS 0x0000000747d00000, 0x0000000747d00000| Untracked 
|  98|0x0000000747e00000, 0x0000000747e00000, 0x0000000747f00000|  0%| F|  |TAMS 0x0000000747e00000, 0x0000000747e00000| Untracked 
|  99|0x0000000747f00000, 0x0000000747f00000, 0x0000000748000000|  0%| F|  |TAMS 0x0000000747f00000, 0x0000000747f00000| Untracked 
| 100|0x0000000748000000, 0x0000000748000000, 0x0000000748100000|  0%| F|  |TAMS 0x0000000748000000, 0x0000000748000000| Untracked 
| 101|0x0000000748100000, 0x0000000748100000, 0x0000000748200000|  0%| F|  |TAMS 0x0000000748100000, 0x0000000748100000| Untracked 
| 102|0x0000000748200000, 0x0000000748200000, 0x0000000748300000|  0%| F|  |TAMS 0x0000000748200000, 0x0000000748200000| Untracked 
| 103|0x0000000748300000, 0x0000000748300800, 0x0000000748400000|  0%| E|  |TAMS 0x0000000748300000, 0x0000000748300000| Complete 
| 104|0x0000000748400000, 0x0000000748500000, 0x0000000748500000|100%| E|CS|TAMS 0x0000000748400000, 0x0000000748400000| Complete 
| 105|0x0000000748500000, 0x0000000748600000, 0x0000000748600000|100%| E|CS|TAMS 0x0000000748500000, 0x0000000748500000| Complete 
| 106|0x0000000748600000, 0x0000000748700000, 0x0000000748700000|100%| E|CS|TAMS 0x0000000748600000, 0x0000000748600000| Complete 
| 107|0x0000000748700000, 0x0000000748800000, 0x0000000748800000|100%| E|CS|TAMS 0x0000000748700000, 0x0000000748700000| Complete 
| 108|0x0000000748800000, 0x0000000748900000, 0x0000000748900000|100%| E|CS|TAMS 0x0000000748800000, 0x0000000748800000| Complete 
| 109|0x0000000748900000, 0x0000000748a00000, 0x0000000748a00000|100%| E|CS|TAMS 0x0000000748900000, 0x0000000748900000| Complete 
| 110|0x0000000748a00000, 0x0000000748b00000, 0x0000000748b00000|100%| E|CS|TAMS 0x0000000748a00000, 0x0000000748a00000| Complete 
| 111|0x0000000748b00000, 0x0000000748c00000, 0x0000000748c00000|100%| E|CS|TAMS 0x0000000748b00000, 0x0000000748b00000| Complete 
| 112|0x0000000748c00000, 0x0000000748d00000, 0x0000000748d00000|100%| E|CS|TAMS 0x0000000748c00000, 0x0000000748c00000| Complete 
| 113|0x0000000748d00000, 0x0000000748e00000, 0x0000000748e00000|100%| E|CS|TAMS 0x0000000748d00000, 0x0000000748d00000| Complete 
| 114|0x0000000748e00000, 0x0000000748f00000, 0x0000000748f00000|100%| E|CS|TAMS 0x0000000748e00000, 0x0000000748e00000| Complete 
| 115|0x0000000748f00000, 0x0000000749000000, 0x0000000749000000|100%| E|CS|TAMS 0x0000000748f00000, 0x0000000748f00000| Complete 
| 116|0x0000000749000000, 0x0000000749100000, 0x0000000749100000|100%| E|CS|TAMS 0x0000000749000000, 0x0000000749000000| Complete 
| 117|0x0000000749100000, 0x0000000749200000, 0x0000000749200000|100%| E|CS|TAMS 0x0000000749100000, 0x0000000749100000| Complete 
| 118|0x0000000749200000, 0x0000000749300000, 0x0000000749300000|100%| E|CS|TAMS 0x0000000749200000, 0x0000000749200000| Complete 
| 119|0x0000000749300000, 0x0000000749400000, 0x0000000749400000|100%| E|CS|TAMS 0x0000000749300000, 0x0000000749300000| Complete 
| 120|0x0000000749400000, 0x0000000749500000, 0x0000000749500000|100%| E|CS|TAMS 0x0000000749400000, 0x0000000749400000| Complete 
| 121|0x0000000749500000, 0x0000000749600000, 0x0000000749600000|100%| E|CS|TAMS 0x0000000749500000, 0x0000000749500000| Complete 
| 122|0x0000000749600000, 0x0000000749700000, 0x0000000749700000|100%| E|CS|TAMS 0x0000000749600000, 0x0000000749600000| Complete 
| 123|0x0000000749700000, 0x0000000749800000, 0x0000000749800000|100%| E|CS|TAMS 0x0000000749700000, 0x0000000749700000| Complete 
| 124|0x0000000749800000, 0x0000000749900000, 0x0000000749900000|100%| E|CS|TAMS 0x0000000749800000, 0x0000000749800000| Complete 
| 125|0x0000000749900000, 0x0000000749a00000, 0x0000000749a00000|100%| E|CS|TAMS 0x0000000749900000, 0x0000000749900000| Complete 
| 126|0x0000000749a00000, 0x0000000749b00000, 0x0000000749b00000|100%| E|CS|TAMS 0x0000000749a00000, 0x0000000749a00000| Complete 
| 127|0x0000000749b00000, 0x0000000749c00000, 0x0000000749c00000|100%| E|CS|TAMS 0x0000000749b00000, 0x0000000749b00000| Complete 
| 128|0x0000000749c00000, 0x0000000749d00000, 0x0000000749d00000|100%| E|CS|TAMS 0x0000000749c00000, 0x0000000749c00000| Complete 
| 129|0x0000000749d00000, 0x0000000749e00000, 0x0000000749e00000|100%| E|CS|TAMS 0x0000000749d00000, 0x0000000749d00000| Complete 
| 130|0x0000000749e00000, 0x0000000749f00000, 0x0000000749f00000|100%| E|CS|TAMS 0x0000000749e00000, 0x0000000749e00000| Complete 
| 131|0x0000000749f00000, 0x000000074a000000, 0x000000074a000000|100%| E|CS|TAMS 0x0000000749f00000, 0x0000000749f00000| Complete 
| 132|0x000000074a000000, 0x000000074a100000, 0x000000074a100000|100%| E|CS|TAMS 0x000000074a000000, 0x000000074a000000| Complete 
| 133|0x000000074a100000, 0x000000074a200000, 0x000000074a200000|100%| E|CS|TAMS 0x000000074a100000, 0x000000074a100000| Complete 
| 134|0x000000074a200000, 0x000000074a300000, 0x000000074a300000|100%| E|CS|TAMS 0x000000074a200000, 0x000000074a200000| Complete 
| 135|0x000000074a300000, 0x000000074a400000, 0x000000074a400000|100%| E|CS|TAMS 0x000000074a300000, 0x000000074a300000| Complete 
| 136|0x000000074a400000, 0x000000074a500000, 0x000000074a500000|100%| E|CS|TAMS 0x000000074a400000, 0x000000074a400000| Complete 
| 137|0x000000074a500000, 0x000000074a600000, 0x000000074a600000|100%| E|CS|TAMS 0x000000074a500000, 0x000000074a500000| Complete 
| 138|0x000000074a600000, 0x000000074a700000, 0x000000074a700000|100%| E|CS|TAMS 0x000000074a600000, 0x000000074a600000| Complete 
| 139|0x000000074a700000, 0x000000074a800000, 0x000000074a800000|100%| E|CS|TAMS 0x000000074a700000, 0x000000074a700000| Complete 
| 140|0x000000074a800000, 0x000000074a900000, 0x000000074a900000|100%| E|CS|TAMS 0x000000074a800000, 0x000000074a800000| Complete 
| 141|0x000000074a900000, 0x000000074aa00000, 0x000000074aa00000|100%| E|CS|TAMS 0x000000074a900000, 0x000000074a900000| Complete 
| 142|0x000000074aa00000, 0x000000074ab00000, 0x000000074ab00000|100%| E|CS|TAMS 0x000000074aa00000, 0x000000074aa00000| Complete 
| 143|0x000000074ab00000, 0x000000074ac00000, 0x000000074ac00000|100%| E|CS|TAMS 0x000000074ab00000, 0x000000074ab00000| Complete 
| 144|0x000000074ac00000, 0x000000074ad00000, 0x000000074ad00000|100%| E|CS|TAMS 0x000000074ac00000, 0x000000074ac00000| Complete 
| 145|0x000000074ad00000, 0x000000074ae00000, 0x000000074ae00000|100%| E|CS|TAMS 0x000000074ad00000, 0x000000074ad00000| Complete 
| 146|0x000000074ae00000, 0x000000074af00000, 0x000000074af00000|100%| E|CS|TAMS 0x000000074ae00000, 0x000000074ae00000| Complete 
| 147|0x000000074af00000, 0x000000074b000000, 0x000000074b000000|100%| E|CS|TAMS 0x000000074af00000, 0x000000074af00000| Complete 
| 148|0x000000074b000000, 0x000000074b100000, 0x000000074b100000|100%| E|CS|TAMS 0x000000074b000000, 0x000000074b000000| Complete 
| 149|0x000000074b100000, 0x000000074b200000, 0x000000074b200000|100%| E|CS|TAMS 0x000000074b100000, 0x000000074b100000| Complete 
| 150|0x000000074b200000, 0x000000074b300000, 0x000000074b300000|100%| E|CS|TAMS 0x000000074b200000, 0x000000074b200000| Complete 
| 151|0x000000074b300000, 0x000000074b400000, 0x000000074b400000|100%| E|CS|TAMS 0x000000074b300000, 0x000000074b300000| Complete 
| 152|0x000000074b400000, 0x000000074b500000, 0x000000074b500000|100%| E|CS|TAMS 0x000000074b400000, 0x000000074b400000| Complete 
| 153|0x000000074b500000, 0x000000074b600000, 0x000000074b600000|100%| E|CS|TAMS 0x000000074b500000, 0x000000074b500000| Complete 
| 154|0x000000074b600000, 0x000000074b700000, 0x000000074b700000|100%| E|CS|TAMS 0x000000074b600000, 0x000000074b600000| Complete 
| 155|0x000000074b700000, 0x000000074b800000, 0x000000074b800000|100%| E|CS|TAMS 0x000000074b700000, 0x000000074b700000| Complete 
| 156|0x000000074b800000, 0x000000074b900000, 0x000000074b900000|100%| E|CS|TAMS 0x000000074b800000, 0x000000074b800000| Complete 
| 157|0x000000074b900000, 0x000000074ba00000, 0x000000074ba00000|100%| E|CS|TAMS 0x000000074b900000, 0x000000074b900000| Complete 
| 158|0x000000074ba00000, 0x000000074bb00000, 0x000000074bb00000|100%| E|CS|TAMS 0x000000074ba00000, 0x000000074ba00000| Complete 
| 159|0x000000074bb00000, 0x000000074bc00000, 0x000000074bc00000|100%| E|CS|TAMS 0x000000074bb00000, 0x000000074bb00000| Complete 
| 160|0x000000074bc00000, 0x000000074bd00000, 0x000000074bd00000|100%| E|CS|TAMS 0x000000074bc00000, 0x000000074bc00000| Complete 
| 161|0x000000074bd00000, 0x000000074be00000, 0x000000074be00000|100%| E|CS|TAMS 0x000000074bd00000, 0x000000074bd00000| Complete 
| 162|0x000000074be00000, 0x000000074bf00000, 0x000000074bf00000|100%| E|CS|TAMS 0x000000074be00000, 0x000000074be00000| Complete 
| 163|0x000000074bf00000, 0x000000074c000000, 0x000000074c000000|100%| E|CS|TAMS 0x000000074bf00000, 0x000000074bf00000| Complete 
| 164|0x000000074c000000, 0x000000074c100000, 0x000000074c100000|100%| E|CS|TAMS 0x000000074c000000, 0x000000074c000000| Complete 
| 165|0x000000074c100000, 0x000000074c200000, 0x000000074c200000|100%| E|CS|TAMS 0x000000074c100000, 0x000000074c100000| Complete 
| 166|0x000000074c200000, 0x000000074c300000, 0x000000074c300000|100%| E|CS|TAMS 0x000000074c200000, 0x000000074c200000| Complete 
| 167|0x000000074c300000, 0x000000074c400000, 0x000000074c400000|100%| E|CS|TAMS 0x000000074c300000, 0x000000074c300000| Complete 
| 168|0x000000074c400000, 0x000000074c500000, 0x000000074c500000|100%| E|CS|TAMS 0x000000074c400000, 0x000000074c400000| Complete 
| 169|0x000000074c500000, 0x000000074c600000, 0x000000074c600000|100%| E|CS|TAMS 0x000000074c500000, 0x000000074c500000| Complete 
| 170|0x000000074c600000, 0x000000074c700000, 0x000000074c700000|100%| E|CS|TAMS 0x000000074c600000, 0x000000074c600000| Complete 
| 171|0x000000074c700000, 0x000000074c800000, 0x000000074c800000|100%| E|CS|TAMS 0x000000074c700000, 0x000000074c700000| Complete 
| 172|0x000000074c800000, 0x000000074c900000, 0x000000074c900000|100%| E|CS|TAMS 0x000000074c800000, 0x000000074c800000| Complete 
| 173|0x000000074c900000, 0x000000074ca00000, 0x000000074ca00000|100%| E|CS|TAMS 0x000000074c900000, 0x000000074c900000| Complete 
| 174|0x000000074ca00000, 0x000000074cb00000, 0x000000074cb00000|100%| E|CS|TAMS 0x000000074ca00000, 0x000000074ca00000| Complete 
| 175|0x000000074cb00000, 0x000000074cc00000, 0x000000074cc00000|100%| E|CS|TAMS 0x000000074cb00000, 0x000000074cb00000| Complete 
| 176|0x000000074cc00000, 0x000000074cd00000, 0x000000074cd00000|100%| S|CS|TAMS 0x000000074cc00000, 0x000000074cc00000| Complete 
| 177|0x000000074cd00000, 0x000000074ce00000, 0x000000074ce00000|100%| S|CS|TAMS 0x000000074cd00000, 0x000000074cd00000| Complete 
| 178|0x000000074ce00000, 0x000000074cf00000, 0x000000074cf00000|100%| E|CS|TAMS 0x000000074ce00000, 0x000000074ce00000| Complete 
| 179|0x000000074cf00000, 0x000000074d000000, 0x000000074d000000|100%| E|CS|TAMS 0x000000074cf00000, 0x000000074cf00000| Complete 
| 180|0x000000074d000000, 0x000000074d100000, 0x000000074d100000|100%| E|CS|TAMS 0x000000074d000000, 0x000000074d000000| Complete 
| 181|0x000000074d100000, 0x000000074d200000, 0x000000074d200000|100%| E|CS|TAMS 0x000000074d100000, 0x000000074d100000| Complete 
| 182|0x000000074d200000, 0x000000074d300000, 0x000000074d300000|100%| E|CS|TAMS 0x000000074d200000, 0x000000074d200000| Complete 
| 183|0x000000074d300000, 0x000000074d400000, 0x000000074d400000|100%| E|CS|TAMS 0x000000074d300000, 0x000000074d300000| Complete 
| 184|0x000000074d400000, 0x000000074d500000, 0x000000074d500000|100%| E|CS|TAMS 0x000000074d400000, 0x000000074d400000| Complete 
| 185|0x000000074d500000, 0x000000074d600000, 0x000000074d600000|100%| E|CS|TAMS 0x000000074d500000, 0x000000074d500000| Complete 
| 186|0x000000074d600000, 0x000000074d700000, 0x000000074d700000|100%| E|CS|TAMS 0x000000074d600000, 0x000000074d600000| Complete 
| 187|0x000000074d700000, 0x000000074d800000, 0x000000074d800000|100%| E|CS|TAMS 0x000000074d700000, 0x000000074d700000| Complete 
| 188|0x000000074d800000, 0x000000074d900000, 0x000000074d900000|100%| E|CS|TAMS 0x000000074d800000, 0x000000074d800000| Complete 
| 189|0x000000074d900000, 0x000000074da00000, 0x000000074da00000|100%| E|CS|TAMS 0x000000074d900000, 0x000000074d900000| Complete 
| 190|0x000000074da00000, 0x000000074db00000, 0x000000074db00000|100%| E|CS|TAMS 0x000000074da00000, 0x000000074da00000| Complete 
| 191|0x000000074db00000, 0x000000074dc00000, 0x000000074dc00000|100%| E|CS|TAMS 0x000000074db00000, 0x000000074db00000| Complete 

Card table byte_map: [0x000001d642c80000,0x000001d643280000] _byte_map_base: 0x000001d63f272000

Marking Bits (Prev, Next): (CMBitMap*) 0x000001d62b1c6858, (CMBitMap*) 0x000001d62b1c6898
 Prev Bits: [0x000001d643880000, 0x000001d646810000)
 Next Bits: [0x000001d646810000, 0x000001d6497a0000)

Polling page: 0x000001d6290d0000

Metaspace:

Usage:
  Non-class:     13.48 MB capacity,    12.13 MB ( 90%) used,     1.33 MB ( 10%) free+waste,    17.94 KB ( <1%) overhead. 
      Class:      1.80 MB capacity,     1.58 MB ( 88%) used,   217.31 KB ( 12%) free+waste,     8.31 KB ( <1%) overhead. 
       Both:     15.27 MB capacity,    13.71 MB ( 90%) used,     1.54 MB ( 10%) free+waste,    26.25 KB ( <1%) overhead. 

Virtual space:
  Non-class space:       14.00 MB reserved,      13.50 MB ( 96%) committed 
      Class space:        1.00 GB reserved,       1.88 MB ( <1%) committed 
             Both:        1.01 GB reserved,      15.38 MB (  1%) committed 

Chunk freelists:
   Non-Class:  25.00 KB
       Class:  17.00 KB
        Both:  42.00 KB

MaxMetaspaceSize: 17179869184.00 GB
CompressedClassSpaceSize: 1.00 GB

CodeHeap 'non-profiled nmethods': size=120000Kb used=1345Kb max_used=1345Kb free=118654Kb
 bounds [0x000001d63b150000, 0x000001d63b3c0000, 0x000001d642680000]
CodeHeap 'profiled nmethods': size=120000Kb used=6299Kb max_used=6299Kb free=113701Kb
 bounds [0x000001d633c20000, 0x000001d634250000, 0x000001d63b150000]
CodeHeap 'non-nmethods': size=5760Kb used=1208Kb max_used=1250Kb free=4551Kb
 bounds [0x000001d633680000, 0x000001d6338f0000, 0x000001d633c20000]
 total_blobs=4379 nmethods=2951 adapters=372
 compilation: enabled
              stopped_count=0, restarted_count=0
 full_count=0

Compilation events (20 events):
Event: 3.010 Thread 0x000001d64c710000 2940       3       java.lang.ProcessEnvironment$NameComparator::compare (90 bytes)
Event: 3.011 Thread 0x000001d64d7b0800 2943       4       java.lang.Character::toUpperCase (6 bytes)
Event: 3.012 Thread 0x000001d64c710000 nmethod 2940 0x000001d634240610 code [0x000001d634240920, 0x000001d634241ca0]
Event: 3.012 Thread 0x000001d64c710000 2941       3       java.lang.ProcessEnvironment$CheckedEntry::getKey (5 bytes)
Event: 3.012 Thread 0x000001d64c710000 nmethod 2941 0x000001d634242590 code [0x000001d634242760, 0x000001d634242b10]
Event: 3.012 Thread 0x000001d64c710000 2942       3       java.lang.ProcessEnvironment$CheckedEntry::getKey (13 bytes)
Event: 3.012 Thread 0x000001d64c710000 nmethod 2942 0x000001d634242c10 code [0x000001d634242dc0, 0x000001d634243130]
Event: 3.012 Thread 0x000001d64d7b0800 nmethod 2943 0x000001d63b29f110 code [0x000001d63b29f2a0, 0x000001d63b29f3b8]
Event: 3.015 Thread 0x000001d64c710000 2945       3       sun.invoke.util.Wrapper::forBasicType (16 bytes)
Event: 3.015 Thread 0x000001d64c710000 nmethod 2945 0x000001d634243210 code [0x000001d6342433c0, 0x000001d6342435b0]
Event: 3.015 Thread 0x000001d64c710000 2946       3       jdk.internal.org.objectweb.asm.ByteVector::put122 (93 bytes)
Event: 3.015 Thread 0x000001d64c710000 nmethod 2946 0x000001d634243690 code [0x000001d634243840, 0x000001d634243b50]
Event: 3.017 Thread 0x000001d64c710000 2950       3       java.lang.invoke.MemberName::isResolved (13 bytes)
Event: 3.018 Thread 0x000001d64c710000 nmethod 2950 0x000001d634243d10 code [0x000001d634243ec0, 0x000001d634244098]
Event: 3.018 Thread 0x000001d64c710000 2951       3       sun.invoke.util.Wrapper::forPrimitiveType (49 bytes)
Event: 3.020 Thread 0x000001d64c710000 nmethod 2951 0x000001d634244110 code [0x000001d6342444a0, 0x000001d634245af0]
Event: 3.020 Thread 0x000001d64c710000 2954       3       java.lang.invoke.MemberName::flagsMods (73 bytes)
Event: 3.020 Thread 0x000001d64c710000 nmethod 2954 0x000001d634246310 code [0x000001d6342464c0, 0x000001d634246638]
Event: 3.020 Thread 0x000001d64c710000 2955       3       java.lang.invoke.MemberName::init (67 bytes)
Event: 3.021 Thread 0x000001d64c710000 nmethod 2955 0x000001d634246710 code [0x000001d6342468c0, 0x000001d634246b98]

GC Heap History (2 events):
Event: 0.695 GC heap before
{Heap before GC invocations=0 (full 0):
 garbage-first heap   total 196608K, used 13312K [0x0000000741c00000, 0x0000000800000000)
  region size 1024K, 14 young (14336K), 0 survivors (0K)
 Metaspace       used 3814K, capacity 6972K, committed 7168K, reserved 1056768K
  class space    used 414K, capacity 753K, committed 768K, reserved 1048576K
}
Event: 0.698 GC heap after
{Heap after GC invocations=1 (full 0):
 garbage-first heap   total 196608K, used 3147K [0x0000000741c00000, 0x0000000800000000)
  region size 1024K, 2 young (2048K), 2 survivors (2048K)
 Metaspace       used 3814K, capacity 6972K, committed 7168K, reserved 1056768K
  class space    used 414K, capacity 753K, committed 768K, reserved 1048576K
}

Deoptimization events (20 events):
Event: 2.926 Thread 0x000001d628ffe800 DEOPT PACKING pc=0x000001d63b27a454 sp=0x0000006f345fcf40
Event: 2.926 Thread 0x000001d628ffe800 DEOPT UNPACKING pc=0x000001d6336c912f sp=0x0000006f345fced0 mode 2
Event: 2.954 Thread 0x000001d628ffe800 Uncommon trap: trap_request=0xffffffde fr.pc=0x000001d63b20bc20 relative=0x0000000000000080
Event: 2.954 Thread 0x000001d628ffe800 Uncommon trap: reason=class_check action=maybe_recompile pc=0x000001d63b20bc20 method=com.google.inject.internal.LinkedBindingImpl.acceptTargetVisitor(Lcom/google/inject/spi/BindingTargetVisitor;)Ljava/lang/Object; @ 2 c2
Event: 2.954 Thread 0x000001d628ffe800 DEOPT PACKING pc=0x000001d63b20bc20 sp=0x0000006f345fd3f0
Event: 2.954 Thread 0x000001d628ffe800 DEOPT UNPACKING pc=0x000001d6336c912f sp=0x0000006f345fd378 mode 2
Event: 2.954 Thread 0x000001d628ffe800 Uncommon trap: trap_request=0xffffffde fr.pc=0x000001d63b20bc20 relative=0x0000000000000080
Event: 2.954 Thread 0x000001d628ffe800 Uncommon trap: reason=class_check action=maybe_recompile pc=0x000001d63b20bc20 method=com.google.inject.internal.LinkedBindingImpl.acceptTargetVisitor(Lcom/google/inject/spi/BindingTargetVisitor;)Ljava/lang/Object; @ 2 c2
Event: 2.954 Thread 0x000001d628ffe800 DEOPT PACKING pc=0x000001d63b20bc20 sp=0x0000006f345fd3f0
Event: 2.954 Thread 0x000001d628ffe800 DEOPT UNPACKING pc=0x000001d6336c912f sp=0x0000006f345fd378 mode 2
Event: 2.972 Thread 0x000001d628ffe800 Uncommon trap: trap_request=0xffffffde fr.pc=0x000001d63b20bc20 relative=0x0000000000000080
Event: 2.972 Thread 0x000001d628ffe800 Uncommon trap: reason=class_check action=maybe_recompile pc=0x000001d63b20bc20 method=com.google.inject.internal.LinkedBindingImpl.acceptTargetVisitor(Lcom/google/inject/spi/BindingTargetVisitor;)Ljava/lang/Object; @ 2 c2
Event: 2.972 Thread 0x000001d628ffe800 DEOPT PACKING pc=0x000001d63b20bc20 sp=0x0000006f345fd3f0
Event: 2.972 Thread 0x000001d628ffe800 DEOPT UNPACKING pc=0x000001d6336c912f sp=0x0000006f345fd378 mode 2
Event: 2.972 Thread 0x000001d628ffe800 Uncommon trap: trap_request=0xffffffde fr.pc=0x000001d63b20bc20 relative=0x0000000000000080
Event: 2.972 Thread 0x000001d628ffe800 Uncommon trap: reason=class_check action=maybe_recompile pc=0x000001d63b20bc20 method=com.google.inject.internal.LinkedBindingImpl.acceptTargetVisitor(Lcom/google/inject/spi/BindingTargetVisitor;)Ljava/lang/Object; @ 2 c2
Event: 2.972 Thread 0x000001d628ffe800 DEOPT PACKING pc=0x000001d63b20bc20 sp=0x0000006f345fd3f0
Event: 2.972 Thread 0x000001d628ffe800 DEOPT UNPACKING pc=0x000001d6336c912f sp=0x0000006f345fd378 mode 2
Event: 2.990 Thread 0x000001d628ffe800 DEOPT PACKING pc=0x000001d633d08134 sp=0x0000006f345f7160
Event: 2.990 Thread 0x000001d628ffe800 DEOPT UNPACKING pc=0x000001d6336c964e sp=0x0000006f345f6560 mode 0

Classes unloaded (0 events):
No events

Classes redefined (0 events):
No events

Internal exceptions (9 events):
Event: 0.311 Thread 0x000001d628ffe800 Exception <a 'java/lang/NoSuchMethodError'{0x000000074d9f0ff8}: 'int java.lang.invoke.DirectMethodHandle$Holder.invokeSpecialIFC(java.lang.Object, java.lang.Object, int)'> (0x000000074d9f0ff8) 
thrown [t:/workspace/open/src/hotspot/share/interpreter/linkResolver.cpp, line 767]
Event: 1.666 Thread 0x000001d628ffe800 Exception <a 'java/lang/NoClassDefFoundError'{0x000000074ad9d1d0}: com/google/inject/servlet/ServletModuleTargetVisitor> (0x000000074ad9d1d0) 
thrown [t:/workspace/open/src/hotspot/share/classfile/systemDictionary.cpp, line 221]
Event: 1.666 Thread 0x000001d628ffe800 Exception <a 'java/lang/NoClassDefFoundError'{0x000000074ada0300}: javax/annotation/Priority> (0x000000074ada0300) 
thrown [t:/workspace/open/src/hotspot/share/classfile/systemDictionary.cpp, line 221]
Event: 1.737 Thread 0x000001d628ffe800 Exception <a 'java/lang/NoSuchMethodError'{0x000000074aa05808}: 'java.lang.Object java.lang.invoke.DirectMethodHandle$Holder.invokeStaticInit(java.lang.Object, int, int, int, int)'> (0x000000074aa05808) 
thrown [t:/workspace/open/src/hotspot/share/interpreter/linkResolver.cpp, line 767]
Event: 2.490 Thread 0x000001d628ffe800 Implicit null exception at 0x000001d63b1cd64b to 0x000001d63b1cdd40
Event: 2.491 Thread 0x000001d628ffe800 Implicit null exception at 0x000001d63b1e7665 to 0x000001d63b1e785a
Event: 3.014 Thread 0x000001d628ffe800 Exception <a 'java/lang/NoSuchMethodError'{0x00000007484102a8}: 'void java.lang.invoke.DirectMethodHandle$Holder.invokeStatic(java.lang.Object, long)'> (0x00000007484102a8) 
thrown [t:/workspace/open/src/hotspot/share/interpreter/linkResolver.cpp, line 767]
Event: 3.018 Thread 0x000001d628ffe800 Exception <a 'java/lang/NoSuchMethodError'{0x000000074841b130}: 'java.lang.Object java.lang.invoke.DirectMethodHandle$Holder.invokeStaticInit(java.lang.Object, java.lang.Object, long, java.lang.Object)'> (0x000000074841b130) 
thrown [t:/workspace/open/src/hotspot/share/interpreter/linkResolver.cpp, line 767]
Event: 3.018 Thread 0x000001d628ffe800 Exception <a 'java/lang/NoSuchMethodError'{0x00000007484211b8}: 'java.lang.Object java.lang.invoke.Invokers$Holder.linkToTargetMethod(java.lang.Object, long, java.lang.Object)'> (0x00000007484211b8) 
thrown [t:/workspace/open/src/hotspot/share/interpreter/linkResolver.cpp, line 767]

Events (20 events):
Event: 3.019 loading class java/util/concurrent/SynchronousQueue$TransferStack$SNode done
Event: 3.020 loading class java/lang/ProcessImpl$2
Event: 3.020 loading class java/lang/ProcessImpl$2 done
Event: 3.020 loading class java/lang/Process$PipeInputStream
Event: 3.020 loading class java/lang/Process$PipeInputStream done
Event: 3.020 Executing VM operation: Deoptimize
Event: 3.020 Executing VM operation: Deoptimize done
Event: 3.021 loading class org/apache/commons/exec/InputStreamPumper
Event: 3.021 loading class org/apache/commons/exec/InputStreamPumper done
Event: 3.021 loading class org/apache/commons/exec/InputStreamPumper
Event: 3.021 loading class org/apache/commons/exec/InputStreamPumper done
Event: 3.021 loading class java/io/PipedOutputStream
Event: 3.021 loading class java/io/PipedOutputStream done
Event: 3.022 loading class org/apache/commons/exec/StreamPumper
Event: 3.022 loading class org/apache/commons/exec/StreamPumper done
Event: 3.022 loading class org/apache/commons/exec/StreamPumper
Event: 3.022 loading class org/apache/commons/exec/StreamPumper done
Event: 3.022 Thread 0x000001d64d94f000 Thread added: 0x000001d64d94f000
Event: 3.023 Thread 0x000001d64dbb3000 Thread added: 0x000001d64dbb3000
Event: 3.023 Thread 0x000001d64db64000 Thread added: 0x000001d64db64000


Dynamic libraries:
0x00007ff719da0000 - 0x00007ff719daf000 	C:\Program Files\Java\jdk-13.0.2\bin\java.exe
0x00007ff9eef70000 - 0x00007ff9ef166000 	C:\WINDOWS\SYSTEM32\ntdll.dll
0x00007ff9ed300000 - 0x00007ff9ed3bd000 	C:\WINDOWS\System32\KERNEL32.DLL
0x00007ff9ecb80000 - 0x00007ff9ece48000 	C:\WINDOWS\System32\KERNELBASE.dll
0x00007ff9eced0000 - 0x00007ff9ecfd0000 	C:\WINDOWS\System32\ucrtbase.dll
0x00007ff9e3c30000 - 0x00007ff9e3c48000 	C:\Program Files\Java\jdk-13.0.2\bin\jli.dll
0x00007ff9ee730000 - 0x00007ff9ee7dc000 	C:\WINDOWS\System32\ADVAPI32.dll
0x00007ff9e5e70000 - 0x00007ff9e5e85000 	C:\Program Files\Java\jdk-13.0.2\bin\VCRUNTIME140.dll
0x00007ff9ee690000 - 0x00007ff9ee72e000 	C:\WINDOWS\System32\msvcrt.dll
0x00007ff9ee190000 - 0x00007ff9ee22b000 	C:\WINDOWS\System32\sechost.dll
0x00007ff9ed810000 - 0x00007ff9ed934000 	C:\WINDOWS\System32\RPCRT4.dll
0x00007ff9eda10000 - 0x00007ff9edbb0000 	C:\WINDOWS\System32\USER32.dll
0x00007ff9ec6b0000 - 0x00007ff9ec6d2000 	C:\WINDOWS\System32\win32u.dll
0x00007ff9ee250000 - 0x00007ff9ee27a000 	C:\WINDOWS\System32\GDI32.dll
0x00007ff9ec910000 - 0x00007ff9eca19000 	C:\WINDOWS\System32\gdi32full.dll
0x00007ff9ec810000 - 0x00007ff9ec8ad000 	C:\WINDOWS\System32\msvcp_win.dll
0x00007ff9d2900000 - 0x00007ff9d2b9b000 	C:\WINDOWS\WinSxS\amd64_microsoft.windows.common-controls_6595b64144ccf1df_6.0.19041.488_none_ca04af081b815d21\COMCTL32.dll
0x00007ff9e53b0000 - 0x00007ff9e53ba000 	C:\WINDOWS\SYSTEM32\VERSION.dll
0x00007ff9ee5e0000 - 0x00007ff9ee610000 	C:\WINDOWS\System32\IMM32.DLL
0x00007ff9e5930000 - 0x00007ff9e59cb000 	C:\Program Files\Java\jdk-13.0.2\bin\msvcp140.dll
0x00007ff9aa720000 - 0x00007ff9ab27d000 	C:\Program Files\Java\jdk-13.0.2\bin\server\jvm.dll
0x00007ff9ee610000 - 0x00007ff9ee618000 	C:\WINDOWS\System32\PSAPI.DLL
0x00007ff9d4420000 - 0x00007ff9d4447000 	C:\WINDOWS\SYSTEM32\WINMM.dll
0x00007ff9e60a0000 - 0x00007ff9e60a9000 	C:\WINDOWS\SYSTEM32\WSOCK32.dll
0x00007ff9ee620000 - 0x00007ff9ee68b000 	C:\WINDOWS\System32\WS2_32.dll
0x00007ff9eaf50000 - 0x00007ff9eaf62000 	C:\WINDOWS\SYSTEM32\kernel.appcore.dll
0x00007ff9e5c60000 - 0x00007ff9e5c70000 	C:\Program Files\Java\jdk-13.0.2\bin\verify.dll
0x00007ff9eac80000 - 0x00007ff9eae64000 	C:\WINDOWS\SYSTEM32\DBGHELP.DLL
0x00007ff9d14f0000 - 0x00007ff9d151c000 	C:\WINDOWS\SYSTEM32\dbgcore.DLL
0x00007ff9ece50000 - 0x00007ff9ececf000 	C:\WINDOWS\System32\bcryptPrimitives.dll
0x00007ff9e5e40000 - 0x00007ff9e5e66000 	C:\Program Files\Java\jdk-13.0.2\bin\java.dll
0x00007ff9e5c40000 - 0x00007ff9e5c57000 	C:\Program Files\Java\jdk-13.0.2\bin\zip.dll
0x00007ff9e5c30000 - 0x00007ff9e5c3a000 	C:\Program Files\Java\jdk-13.0.2\bin\jimage.dll
0x00007ff9ee7e0000 - 0x00007ff9eef21000 	C:\WINDOWS\System32\SHELL32.dll
0x00007ff9ea410000 - 0x00007ff9eaba5000 	C:\WINDOWS\SYSTEM32\windows.storage.dll
0x00007ff9ee280000 - 0x00007ff9ee5d5000 	C:\WINDOWS\System32\combase.dll
0x00007ff9ec050000 - 0x00007ff9ec07c000 	C:\WINDOWS\SYSTEM32\Wldp.dll
0x00007ff9ed250000 - 0x00007ff9ed2fe000 	C:\WINDOWS\System32\SHCORE.dll
0x00007ff9ed1f0000 - 0x00007ff9ed245000 	C:\WINDOWS\System32\shlwapi.dll
0x00007ff9ec5e0000 - 0x00007ff9ec606000 	C:\WINDOWS\SYSTEM32\profapi.dll
0x00007ff9e5b90000 - 0x00007ff9e5ba9000 	C:\Program Files\Java\jdk-13.0.2\bin\net.dll
0x00007ff9e4130000 - 0x00007ff9e4230000 	C:\WINDOWS\SYSTEM32\WINHTTP.dll
0x00007ff9ebd80000 - 0x00007ff9ebdea000 	C:\WINDOWS\system32\mswsock.dll
0x00007ff9e5b70000 - 0x00007ff9e5b83000 	C:\Program Files\Java\jdk-13.0.2\bin\nio.dll
0x00007ff9e5450000 - 0x00007ff9e545a000 	D:\NetBeans-12.0\netbeans\java\maven\lib\jansi-native\windows64\jansi.dll

dbghelp: loaded successfully - version: 4.0.5 - missing functions: none
symbol engine: initialized successfully - sym options: 0x614 - pdb path: .;C:\Program Files\Java\jdk-13.0.2\bin;C:\WINDOWS\SYSTEM32;C:\WINDOWS\WinSxS\amd64_microsoft.windows.common-controls_6595b64144ccf1df_6.0.19041.488_none_ca04af081b815d21;C:\Program Files\Java\jdk-13.0.2\bin\server;D:\NetBeans-12.0\netbeans\java\maven\lib\jansi-native\windows64

VM Arguments:
jvm_args: -Dclassworlds.conf=D:\NetBeans-12.0\netbeans\java\maven\bin\..\bin\m2.conf -Dmaven.home=D:\NetBeans-12.0\netbeans\java\maven\bin\.. -Dlibrary.jansi.path=D:\NetBeans-12.0\netbeans\java\maven\bin\..\lib\jansi-native -Dmaven.multiModuleProjectDirectory=D:\Documentos\FRM UTN MENDOZA\Organización Contable de la Empresa\PEPS2\frm.oce_PEPS_jar_1.0-SNAPSHOT 
java_command: org.codehaus.plexus.classworlds.launcher.Launcher -Dexec.args=-classpath %classpath frm.oce.peps.controlador.ControladorPrincipal -Dexec.executable=C:\Program Files\Java\jdk-13.0.2\bin\java.exe -Dmaven.ext.class.path=D:\NetBeans-12.0\netbeans\java\maven-nblib\netbeans-eventspy.jar -Dfile.encoding=UTF-8 org.codehaus.mojo:exec-maven-plugin:1.5.0:exec
java_class_path (initial): D:\NetBeans-12.0\netbeans\java\maven\bin\..\boot\plexus-classworlds-2.6.0.jar
Launcher Type: SUN_STANDARD

[Global flags]
     intx CICompilerCount                          = 3                                         {product} {ergonomic}
     uint ConcGCThreads                            = 1                                         {product} {ergonomic}
     uint G1ConcRefinementThreads                  = 4                                         {product} {ergonomic}
   size_t G1HeapRegionSize                         = 1048576                                   {product} {ergonomic}
    uintx GCDrainStackTargetSize                   = 64                                        {product} {ergonomic}
   size_t InitialHeapSize                          = 201326592                                 {product} {ergonomic}
   size_t MarkStackSize                            = 4194304                                   {product} {ergonomic}
   size_t MaxHeapSize                              = 3191865344                                {product} {ergonomic}
   size_t MaxNewSize                               = 1914699776                                {product} {ergonomic}
   size_t MinHeapDeltaBytes                        = 1048576                                   {product} {ergonomic}
   size_t MinHeapSize                              = 8388608                                   {product} {ergonomic}
    uintx NonNMethodCodeHeapSize                   = 5832780                                {pd product} {ergonomic}
    uintx NonProfiledCodeHeapSize                  = 122912730                              {pd product} {ergonomic}
    uintx ProfiledCodeHeapSize                     = 122912730                              {pd product} {ergonomic}
    uintx ReservedCodeCacheSize                    = 251658240                              {pd product} {ergonomic}
     bool SegmentedCodeCache                       = true                                      {product} {ergonomic}
   size_t SoftMaxHeapSize                          = 3191865344                             {manageable} {ergonomic}
     bool UseCompressedClassPointers               = true                                 {lp64_product} {ergonomic}
     bool UseCompressedOops                        = true                                 {lp64_product} {ergonomic}
     bool UseG1GC                                  = true                                      {product} {ergonomic}
     bool UseLargePagesIndividualAllocation        = false                                  {pd product} {ergonomic}

Logging:
Log output configuration:
 #0: stdout all=warning uptime,level,tags
 #1: stderr all=off uptime,level,tags

Environment Variables:
JAVA_HOME=C:\Program Files\Java\jdk-13.0.2
PATH=C:\Program Files (x86)\Common Files\Oracle\Java\javapath;C:\VulkanSDK\1.2.154.1\Bin;C:\Python39\Scripts\;C:\Python39\;C:\Python38\Scripts\;C:\Python38\;C:\Program Files\Microsoft MPI\Bin\;C:\WINDOWS\system32;C:\WINDOWS;C:\WINDOWS\System32\Wbem;C:\WINDOWS\System32\WindowsPowerShell\v1.0\;C:\WINDOWS\System32\OpenSSH\;C:\Program Files\dotnet\;C:\Program Files\Microsoft SQL Server\130\Tools\Binn\;C:\Program Files\PuTTY\;C:\Users\ariel\AppData\Local\Programs\Python\Python38-32\Scripts\;C:\Program Files\PowerShell\7-preview\preview;C:\ProgramData\chocolatey\bin;C:\Program Files (x86)\gradle\gradle-6.5.1\bin;C:\Program Files\Git\cmd;C:\Program Files\MySQL\MySQL Server 8.0\bin;C:\Program Files\Java\jdk-13.0.2\bin;C:\Program Files\nodejs\;D:\laragon\bin\mysql\MySQL Server 8.0\bin;D:\laragon\bin\php\php-7.2.19-Win32-VC15-x64;D:\laragon\bin\composer;D:\laragon\bin\mysql\MySQL Server 8.0\bin;C:\Users\ariel\AppData\Local\Microsoft\WindowsApps;C:\Users\ariel\AppData\Local\Microsoft\WindowsApps;C:\Users\ariel\AppData\Local\atom\bin;C:\Users\ariel\AppData\Local\Programs\Microsoft VS Code\bin;C:\Users\ariel\AppData\Roaming\npm;
USERNAME=ariel
OS=Windows_NT
PROCESSOR_IDENTIFIER=Intel64 Family 6 Model 142 Stepping 9, GenuineIntel



---------------  S Y S T E M  ---------------

OS: Windows 10 , 64 bit Build 19041 (10.0.19041.546)
HyperV virtualization detected

CPU:total 4 (initial active 4) (2 cores per cpu, 2 threads per core) family 6 model 142 stepping 9, cmov, cx8, fxsr, mmx, sse, sse2, sse3, ssse3, sse4.1, sse4.2, popcnt, avx, avx2, aes, clmul, erms, 3dnowpref, lzcnt, ht, tsc, tscinvbit, bmi1, bmi2, adx, fma

Memory: 4k page, system-wide physical 12170M (2462M free)
TotalPageFile size 12170M (AvailPageFile size 3M)
current process WorkingSet (physical memory assigned to process): 163M, peak: 164M
current process commit charge ("private bytes"): 309M, peak: 311M

vm_info: Java HotSpot(TM) 64-Bit Server VM (13.0.2+8) for windows-amd64 JRE (13.0.2+8), built on Dec 11 2019 09:20:33 by "mach5one" with unknown MS VC++:1916

END.
